[debug] [2024-08-10T22:31:36.621Z] ----------------------------------------------------------------------
[debug] [2024-08-10T22:31:36.623Z] Command:       /usr/local/bin/firebase /Users/callum/.cache/firebase/tools/lib/node_modules/firebase-tools/lib/bin/firebase deploy
[debug] [2024-08-10T22:31:36.623Z] CLI Version:   13.15.1
[debug] [2024-08-10T22:31:36.624Z] Platform:      darwin
[debug] [2024-08-10T22:31:36.624Z] Node Version:  v18.5.0
[debug] [2024-08-10T22:31:36.627Z] Time:          Sat Aug 10 2024 16:31:36 GMT-0600 (Mountain Daylight Time)
[debug] [2024-08-10T22:31:36.627Z] ----------------------------------------------------------------------
[debug] 
[debug] [2024-08-10T22:31:36.757Z] > command requires scopes: ["email","openid","https://www.googleapis.com/auth/cloudplatformprojects.readonly","https://www.googleapis.com/auth/firebase","https://www.googleapis.com/auth/cloud-platform"]
[debug] [2024-08-10T22:31:36.759Z] > authorizing via signed-in user (alexxander1611@gmail.com)
[debug] [2024-08-10T22:31:36.759Z] [iam] checking project callum-mackenzie for permissions ["firebase.projects.get","firebasehosting.sites.update"]
[debug] [2024-08-10T22:31:36.762Z] >>> [apiv2][query] POST https://cloudresourcemanager.googleapis.com/v1/projects/callum-mackenzie:testIamPermissions [none]
[debug] [2024-08-10T22:31:36.763Z] >>> [apiv2][(partial)header] POST https://cloudresourcemanager.googleapis.com/v1/projects/callum-mackenzie:testIamPermissions x-goog-quota-user=projects/callum-mackenzie
[debug] [2024-08-10T22:31:36.764Z] >>> [apiv2][body] POST https://cloudresourcemanager.googleapis.com/v1/projects/callum-mackenzie:testIamPermissions {"permissions":["firebase.projects.get","firebasehosting.sites.update"]}
[debug] [2024-08-10T22:31:37.043Z] <<< [apiv2][status] POST https://cloudresourcemanager.googleapis.com/v1/projects/callum-mackenzie:testIamPermissions 200
[debug] [2024-08-10T22:31:37.045Z] <<< [apiv2][body] POST https://cloudresourcemanager.googleapis.com/v1/projects/callum-mackenzie:testIamPermissions {"permissions":["firebase.projects.get","firebasehosting.sites.update"]}
[debug] [2024-08-10T22:31:37.048Z] >>> [apiv2][query] GET https://firebase.googleapis.com/v1beta1/projects/callum-mackenzie [none]
[debug] [2024-08-10T22:31:37.310Z] <<< [apiv2][status] GET https://firebase.googleapis.com/v1beta1/projects/callum-mackenzie 200
[debug] [2024-08-10T22:31:37.314Z] <<< [apiv2][body] GET https://firebase.googleapis.com/v1beta1/projects/callum-mackenzie {"projectId":"callum-mackenzie","projectNumber":"1084005169505","displayName":"Callum Mackenzie","name":"projects/callum-mackenzie","resources":{"hostingSite":"callum-mackenzie"},"state":"ACTIVE","etag":"1_71592675-8d12-4a50-b30e-38257c4d8606"}
[info] 
[info] === Deploying to 'callum-mackenzie'...
[info] 
[info] i  deploying hosting 
[debug] [2024-08-10T22:31:37.321Z] >>> [apiv2][query] POST https://firebasehosting.googleapis.com/v1beta1/projects/-/sites/callum-mackenzie/versions [none]
[debug] [2024-08-10T22:31:37.325Z] >>> [apiv2][body] POST https://firebasehosting.googleapis.com/v1beta1/projects/-/sites/callum-mackenzie/versions {"status":"CREATED","labels":{"deployment-tool":"cli-firebase"}}
[debug] [2024-08-10T22:31:38.638Z] <<< [apiv2][status] POST https://firebasehosting.googleapis.com/v1beta1/projects/-/sites/callum-mackenzie/versions 200
[debug] [2024-08-10T22:31:38.642Z] <<< [apiv2][body] POST https://firebasehosting.googleapis.com/v1beta1/projects/-/sites/callum-mackenzie/versions {"name":"projects/1084005169505/sites/callum-mackenzie/versions/f6af89f4ad6075ad","status":"CREATED","config":{},"labels":{"deployment-tool":"cli-firebase"}}
[info] i  hosting[callum-mackenzie]: beginning deploy... 
[info] i  hosting[callum-mackenzie]: found 59 files in build 
[debug] [2024-08-10T22:31:38.707Z] [hosting] uploading with 200 concurrency
[debug] [2024-08-10T22:31:38.980Z] [hosting] hash cache [YnVpbGQ] stored for 59 files
[debug] [2024-08-10T22:31:38.981Z] [hosting][hash queue][FINAL] {"max":261,"min":25,"avg":83.20338983050847,"active":0,"complete":59,"success":59,"errored":0,"retried":0,"total":59,"elapsed":272}
[debug] [2024-08-10T22:31:38.982Z] >>> [apiv2][query] POST https://firebasehosting.googleapis.com/v1beta1/projects/1084005169505/sites/callum-mackenzie/versions/f6af89f4ad6075ad:populateFiles [none]
[debug] [2024-08-10T22:31:38.982Z] >>> [apiv2][body] POST https://firebasehosting.googleapis.com/v1beta1/projects/1084005169505/sites/callum-mackenzie/versions/f6af89f4ad6075ad:populateFiles {"files":{"/robots.txt":"391d14b3c2f8c9143a27a28c7399585142228d4d1bdbe2c87ac946de411fa9a2","/index.html":"6ec6c00bf855c23c1acb7bd3896e19abe904c731947795d3eae6bda16532b678","/asset-manifest.json":"f4501902dfae3eb73c32c10cafcb98306510def08be04b36ceb901ff053d8271","/manifest.json":"341d52628782f8ac9290bbfc43298afccb47b7cbfcee146ae30cf0f46bc30900","/logo192.png":"7cc73ca53a25fce4b8afbcbde4572c61d89dcfe6ee047f0847c04054a866224e","/static/js/main.0b76babe.js.LICENSE.txt":"0849dc99c811e3268a571292aa233b18631f3608fa8d93734c14df0c0dd5714f","/favicon.ico":"c87e8604dfee32045670963067506b40f8e76ff5d1e97049582ad928c741e6e2","/static/media/tree.07a7bc32327f5e298a88abfae7286065.svg":"bf49c51aef385daabc11e6451367243e798401a5c134b9d2f4525877e8a8e8a8","/static/js/787.5ff004d2.chunk.js.map":"e5ba5aaf92acebd5f72a7c4fa4925fa28dbfb54ffa3ad7ca39f7976393be9238","/static/js/787.5ff004d2.chunk.js":"92971eae41008f522ba3f1352bce1e7a6972a9c29f9fa0394ec40f68daeee0b4","/img/linkedin-logo.png":"7dac083265617e710947cc514abf9452fd753b49c84ab952ab2dde9c6ae5d32d","/img/ubc_logo.png":"4199064e8d89ac64eb7264099d661e9420663227fbdbc040679217df172bad9c","/logo512.png":"e83f2c03d47b9662d2f3555132a149ff7c97e2cd62adbbe913d7131f643e4144","/img/github-logo.png":"69e4e1224e0e698842c6c6fea9f86c9fa2d614eefd026944569c4cc1e3b3dc04","/img/virtualcloset/home.png":"eb56016a536fd64fa2a85788ae2cf058b651f4e29c89a36df2af6923aeba50bd","/img/exvi/4.png":"8d398aad164084962ec9d1d7677f4b41cfdfe551d70058e14aefd6c1d08d65a3","/img/exvi/2.png":"ad109a1ced6c7e2a1847f4400eca9a450593019a7c7df053e93e54a105dc8eea","/img/exvi/5.png":"1fa2b438cf0c976ae082a4e4c3dcee034846337bf0ca0bf970ec127fa2d26ebb","/img/virtualcloset/search.png":"743aa1b5e915a631cf568cbde9abbf3220d66050661b4c128127f2069f33be85","/img/virtualcloset/closets.png":"9ae7c6cadf9152407087d0cfa4c45eaa779d710cce185558aa52a3d5fc446cee","/img/virtualcloset/clothing.png":"ca8a47c90d1dc9f30fb7f55f547fae33296eb54fc12769cb80ce3a1b02b2c8d3","/img/virtualcloset/package-diagram.png":"3ca982cfec7b8bd30b5e7d81a5f5abbc3ca095cc0b41523c6799580acf32dcc3","/img/virtualcloset/outfit.png":"f0648a2b74b0b6c94631ce8c89393484bbb74300a914ee9f67461ad93e43cb0d","/img/exvi/6.png":"ee5ddcbf4cfb6db4fcaee4d3fe679a5eefa5fc91d9564258905ebb01d488a48a","/img/vitalert/login.png":"03acbd1b3eccfb10cd35f82bf82b1cff0c895faae16c4a17ad7ebf889a944512","/static/css/main.38617632.css":"6df70bd16cf6cf5a4965410a0d499bfc7210976fbfa9a89fa1271a1354140cc9","/img/exvi/1.png":"58dbcb18d3c5764e41a6183116c75afc466fb1dc846b191c0d4421f228387741","/img/render/ts.png":"91aafdcdde9ad75b79839b8d79de2187045ea0e4220c6592b852e4ef89cdab5a","/img/exvi/3.png":"b2edbfd0ee5d1ffdabb4a4bd4b65158607d0b7702bd28753e48368529714ddeb","/img/callum-mackenzie.jpg":"de3f83f6cf9b2f135598166358339c85e0bf999eee2a59793ccc7ec82211986a","/img/drone/chassis.jpeg":"ec06e793461356600f00397ddfbb35a7190cb68288a983c010da835bcb42aedf","/img/callum-mackenzie-2.jpg":"1404e949d9a0e713cbe55ce1d5edcf77a0dcc1dceea5e8fffa034b14bba70d47","/img/render/cards.png":"895ee26080e5d2d97cfb828af30f1f6f4f13853852f2e40b1151951ec541e36f","/img/vitalert/home.png":"6e3555297ae7f7bdc447f11a3e63d274fa204b6d65eefe8e4d5dbc222500227e","/img/render/ingeniumlatte.png":"deda8add93d059a1a570d0d02dcc364d73b9ba5efd8cbd873e6ebd474dd1aa87","/static/js/main.0b76babe.js":"c50202692e11be03bbb3e22fbcad3c5ec0e55d956cccad24eabddbcc49970815","/img/vitalert/nutrient.png":"a0c0f13107de4997a3dd214f400a3add30fad082404e6a62153de0f9372ba4e3","/static/css/main.38617632.css.map":"fbc800adc4b78d916ec8b78a7e1082ab69c51346047886345aed6f0a1370eb7d","/img/drone/inside top.jpeg":"b2e7706c6133386bac900ca6e0993ad62a15f4734947d57413e71eb8241eaf80","/img/drone/circuit overview.png":"76c3706f99e9c26157ca9d3d1e60f116ad799727db2317b47f26f2d51ed184b9","/img/thinktech/impl.png":"a158eae4e8a0a972630bfc897b7292ef32336e9b52c9575427da19976689c6b6","/img/render/ingenium.png":"b2ef87b33dcb96e0ee00226c3bbac661311136fc5d6f39a2a3a7005073e12d76","/img/thinktech/dataflow.png":"5cf2348d72aa69d929c820d0fcdbca09aab34a67045c3aca712d5a866d3e80ae","/img/landscape-bg-comp.jpg":"423848ded37a42d151b056292f485455333659391f4280b5c8c9af5b050464c1","/img/render/browser.png":"840172167dbbfc1d3b7a7bde62a0bdeef7db29d5de955d33d1b77d0c490efa7d","/img/drone/drone realistic bottom.png":"e72212cc7338adc5c67de9682f851e941cb35769cd2f4298cac77ac7fec074b9","/img/thinktech/title.png":"a9f452f2caeb455fc5fde6174afaf044368e45b3240f669affe236963a58373a","/img/drone/drone realistic front.png":"544877351e6e35cc3e458ff2666ff0dbc271161fccd1758da8e73e668bac49d7","/img/callum-mackenzie.png":"1ebc3c8ae16b40b441f54dcade3051b05df33dc8d48c013a6d6f65b43ca72c78","/img/callum-mackenzie-2.png":"fb436865c054e8adac077e67a04efea789e34e24fc365a0f39809a87d3a6c220","/img/landscape-bg.jpg":"1abc2604b13a640024a14979e8fd6f63d0b9d25702cd32ac863807e73201c776","/img/render/text.jpeg":"74075518dc75716a0dd2ecdd06f3efbc6042d52758070a18b63f0cfa716081bf","/img/landscape-bg-full.jpg":"46cf49b782277d2c66dc75e68bb3bbe14808c42499174812acc63a609efe2457","/img/drone/drone realistic side.png":"ef3b2ed095ef749fb2eb6c7b3411c7cf84ddcf6d07f62e93a4879082d5679277","/static/js/main.0b76babe.js.map":"86d63a74d3521d3356411c5ce486547a2f33c289d3cfd2a06e9a21a7bcba45be","/img/drone/drone realistic top.png":"508104ffa6a0413cc0334c555057f0ae3c5480dbacc05eecc0e3b008d314301b","/img/callum-mackenzie-full-res.png":"03a55fba2fedda4030d50c562641c859974002279565be11e7ec4a1b96088ad6","/img/drone/drone realistic angle.png":"e23bb14994060a92dd6457bdc2e49a8c91f3759a6fcc1fcbb4dd9b4d1a662e5b","/img/callum-mackenzie-2-full-res.png":"fbc630372b0e5869e50fbce8d9ae168e16977e07c27c6f4aa984288893bc1623"}}
[debug] [2024-08-10T22:31:39.867Z] <<< [apiv2][status] POST https://firebasehosting.googleapis.com/v1beta1/projects/1084005169505/sites/callum-mackenzie/versions/f6af89f4ad6075ad:populateFiles 200
[debug] [2024-08-10T22:31:39.867Z] <<< [apiv2][body] POST https://firebasehosting.googleapis.com/v1beta1/projects/1084005169505/sites/callum-mackenzie/versions/f6af89f4ad6075ad:populateFiles {"uploadRequiredHashes":["c50202692e11be03bbb3e22fbcad3c5ec0e55d956cccad24eabddbcc49970815","f4501902dfae3eb73c32c10cafcb98306510def08be04b36ceb901ff053d8271","86d63a74d3521d3356411c5ce486547a2f33c289d3cfd2a06e9a21a7bcba45be","6ec6c00bf855c23c1acb7bd3896e19abe904c731947795d3eae6bda16532b678"],"uploadUrl":"https://upload-firebasehosting.googleapis.com/upload/sites/callum-mackenzie/versions/f6af89f4ad6075ad/files"}
[debug] [2024-08-10T22:31:39.870Z] >>> [apiv2][query] POST https://upload-firebasehosting.googleapis.com/upload/sites/callum-mackenzie/versions/f6af89f4ad6075ad/files/c50202692e11be03bbb3e22fbcad3c5ec0e55d956cccad24eabddbcc49970815 [none]
[debug] [2024-08-10T22:31:39.871Z] >>> [apiv2][body] POST https://upload-firebasehosting.googleapis.com/upload/sites/callum-mackenzie/versions/f6af89f4ad6075ad/files/c50202692e11be03bbb3e22fbcad3c5ec0e55d956cccad24eabddbcc49970815 [stream]
[debug] [2024-08-10T22:31:39.874Z] >>> [apiv2][query] POST https://upload-firebasehosting.googleapis.com/upload/sites/callum-mackenzie/versions/f6af89f4ad6075ad/files/f4501902dfae3eb73c32c10cafcb98306510def08be04b36ceb901ff053d8271 [none]
[debug] [2024-08-10T22:31:39.874Z] >>> [apiv2][body] POST https://upload-firebasehosting.googleapis.com/upload/sites/callum-mackenzie/versions/f6af89f4ad6075ad/files/f4501902dfae3eb73c32c10cafcb98306510def08be04b36ceb901ff053d8271 [stream]
[debug] [2024-08-10T22:31:39.875Z] >>> [apiv2][query] POST https://upload-firebasehosting.googleapis.com/upload/sites/callum-mackenzie/versions/f6af89f4ad6075ad/files/86d63a74d3521d3356411c5ce486547a2f33c289d3cfd2a06e9a21a7bcba45be [none]
[debug] [2024-08-10T22:31:39.875Z] >>> [apiv2][body] POST https://upload-firebasehosting.googleapis.com/upload/sites/callum-mackenzie/versions/f6af89f4ad6075ad/files/86d63a74d3521d3356411c5ce486547a2f33c289d3cfd2a06e9a21a7bcba45be [stream]
[debug] [2024-08-10T22:31:39.876Z] >>> [apiv2][query] POST https://upload-firebasehosting.googleapis.com/upload/sites/callum-mackenzie/versions/f6af89f4ad6075ad/files/6ec6c00bf855c23c1acb7bd3896e19abe904c731947795d3eae6bda16532b678 [none]
[debug] [2024-08-10T22:31:39.876Z] >>> [apiv2][body] POST https://upload-firebasehosting.googleapis.com/upload/sites/callum-mackenzie/versions/f6af89f4ad6075ad/files/6ec6c00bf855c23c1acb7bd3896e19abe904c731947795d3eae6bda16532b678 [stream]
[debug] [2024-08-10T22:31:39.878Z] [hosting][populate queue][FINAL] {"max":890,"min":890,"avg":890,"active":0,"complete":1,"success":1,"errored":0,"retried":0,"total":1,"elapsed":899}
[debug] [2024-08-10T22:31:39.878Z] [hosting] uploads queued: 4
